[debug] [2019-11-19T20:21:43.792Z] ----------------------------------------------------------------------
[debug] [2019-11-19T20:21:43.796Z] Command:       C:\Program Files (x86)\nodejs\node.exe C:\Users\Brian DiRito\AppData\Roaming\npm\node_modules\firebase-tools\lib\bin\firebase.js init
[debug] [2019-11-19T20:21:43.796Z] CLI Version:   7.8.0
[debug] [2019-11-19T20:21:43.796Z] Platform:      win32
[debug] [2019-11-19T20:21:43.796Z] Node Version:  v10.16.3
[debug] [2019-11-19T20:21:43.798Z] Time:          Tue Nov 19 2019 15:21:43 GMT-0500 (Eastern Standard Time)
[debug] [2019-11-19T20:21:43.798Z] ----------------------------------------------------------------------
[debug] [2019-11-19T20:21:43.798Z] 
[debug] [2019-11-19T20:21:43.808Z] > command requires scopes: ["email","openid","https://www.googleapis.com/auth/cloudplatformprojects.readonly","https://www.googleapis.com/auth/firebase","https://www.googleapis.com/auth/cloud-platform"]
[debug] [2019-11-19T20:21:43.809Z] > authorizing via signed-in user
[info] 
     ######## #### ########  ######## ########     ###     ######  ########
     ##        ##  ##     ## ##       ##     ##  ##   ##  ##       ##
     ######    ##  ########  ######   ########  #########  ######  ######
     ##        ##  ##    ##  ##       ##     ## ##     ##       ## ##
     ##       #### ##     ## ######## ########  ##     ##  ######  ########

You're about to initialize a Firebase project in this directory:

  C:\Users\Brian DiRito\Development\mars_resource_card

[debug] [2019-11-19T20:22:22.171Z] ----------------------------------------------------------------------
[debug] [2019-11-19T20:22:22.175Z] Command:       C:\Program Files (x86)\nodejs\node.exe C:\Users\Brian DiRito\AppData\Roaming\npm\node_modules\firebase-tools\lib\bin\firebase.js init
[debug] [2019-11-19T20:22:22.175Z] CLI Version:   7.8.0
[debug] [2019-11-19T20:22:22.175Z] Platform:      win32
[debug] [2019-11-19T20:22:22.175Z] Node Version:  v10.16.3
[debug] [2019-11-19T20:22:22.177Z] Time:          Tue Nov 19 2019 15:22:22 GMT-0500 (Eastern Standard Time)
[debug] [2019-11-19T20:22:22.177Z] ----------------------------------------------------------------------
[debug] [2019-11-19T20:22:22.177Z] 
[debug] [2019-11-19T20:22:22.187Z] > command requires scopes: ["email","openid","https://www.googleapis.com/auth/cloudplatformprojects.readonly","https://www.googleapis.com/auth/firebase","https://www.googleapis.com/auth/cloud-platform"]
[debug] [2019-11-19T20:22:22.187Z] > authorizing via signed-in user
[info] 
     ######## #### ########  ######## ########     ###     ######  ########
     ##        ##  ##     ## ##       ##     ##  ##   ##  ##       ##
     ######    ##  ########  ######   ########  #########  ######  ######
     ##        ##  ##    ##  ##       ##     ## ##     ##       ## ##
     ##       #### ##     ## ######## ########  ##     ##  ######  ########

You're about to initialize a Firebase project in this directory:

  C:\Users\Brian DiRito\Development\mars_resource_card

[info] 
=== Project Setup
[info] 
[info] First, let's associate this project directory with a Firebase project.
[info] You can create multiple project aliases by running firebase use --add, 
[info] but for now we'll just set up a default project.
[info] 
